Arguments: 
  /usr/local/Cellar/node@10/10.16.3/bin/node /usr/local/Cellar/yarn/1.19.1/libexec/bin/yarn.js install

PATH: 
  /Users/nicholasmattise/.rvm/gems/ruby-2.2.4/bin:/Users/nicholasmattise/.rvm/gems/ruby-2.2.4@global/bin:/Users/nicholasmattise/.rvm/rubies/ruby-2.2.4/bin:/usr/local/opt/node@10/bin:/usr/local/bin:/usr/bin:/bin:/usr/sbin:/sbin:/Users/nicholasmattise/.rvm/bin

Yarn version: 
  1.19.1

Node version: 
  10.16.3

Platform: 
  darwin x64

Trace: 
  Error: https://registry.npmjs.org/asyncro/-/asyncro-3.0.0.tgz: ENOENT: no such file or directory, open '/Users/nicholasmattise/Library/Caches/Yarn/v6/npm-asyncro-3.0.0-3c7a732e263bc4a42499042f48d7d858e9c0134e-integrity/node_modules/asyncro/.yarn-tarball.tgz'

npm manifest: 
  {
  	"name": "Timeseries",
  	"version": "2.3.0",
  	"license": "MIT",
  	"dependencies": {
  		"data-forge": "^1.7.2",
  		"dayjs": "^1.8.14",
  		"distributions": "^2.0.0",
  		"lodash": "^4.17.15",
  		"simple-statistics": "^7.0.2"
  	},
  	"devDependencies": {
  		"data-forge-fs": "^0.0.6",
  		"jest": "^24.8.0",
  		"microbundle": "^0.12.0-next.6"
  	},
  	"source": "src/index.js",
  	"main": "dist/index.js",
  	"module": "dist/index.module.js",
  	"umd:main": "dist/index.min.js",
  	"browser": "dist/index.min.js",
  	"unpkg": "dist/index.min.js",
  	"scripts": {
  		"test": "jest",
  		"build": "microbundle --name Timeseries",
  		"dev": "microbundle watch"
  	}
  }

yarn manifest: 
  No manifest

Lockfile: 
  No lockfile
